"D:/Unreal Projects/GGJ2021/Content/ModularRPGHeroesPolyart/Textures/PolyArtTex.uasset" 0
"D:/Unreal Projects/GGJ2021/Content/ModularRPGHeroesPolyart/Materials/PolyartMat.uasset" 1
"D:/Unreal Projects/GGJ2021/Content/ModularRPGHeroesPolyart/Meshes/Weapons/Backpack01SM.uasset" 2
"D:/Unreal Projects/GGJ2021/Content/ModularRPGHeroesPolyart/Meshes/RPGHeroes_PhysicsAsset.uasset" 3
"D:/Unreal Projects/GGJ2021/Content/ModularRPGHeroesPolyart/Meshes/UE4_Mannequin_Skeleton.uasset" 4
"D:/Unreal Projects/GGJ2021/Content/ModularRPGHeroesPolyart/Meshes/OneMeshCharacters/ApprenticeSK.uasset" 5
"D:/Unreal Projects/GGJ2021/Content/ModularRPGHeroesPolyart/Animations/NoWeaponStance/StandingIdle_noWeaponAnim.uasset" 6
"D:/Unreal Projects/GGJ2021/Content/ModularRPGHeroesPolyart/Animations/NoWeaponStance/NormalWalk_noWeaponAnim.uasset" 7
"../../../Engine/Content/Animation/DefaultAnimCurveCompressionSettings.uasset" 8
"../../../Engine/Content/Animation/DefaultAnimBoneCompressionSettings.uasset" 9
"D:/Unreal Projects/GGJ2021/Content/ModularRPGHeroesPolyart/Animations/NoWeaponStance/NormalRun_noWeaponAnim.uasset" 10
"D:/Unreal Projects/GGJ2021/Content/ModularRPGHeroesPolyart/Animations/Character_IdleRun_2D.uasset" 11
"D:/Unreal Projects/GGJ2021/Content/ModularRPGHeroesPolyart/Animations/NoWeaponStance/Victory_noWeaponAnim.uasset" 12
"D:/Unreal Projects/GGJ2021/Content/ModularRPGHeroesPolyart/Animations/NoWeaponStance/DieRecover_noWeaponAnim.uasset" 13
"D:/Unreal Projects/GGJ2021/Content/ModularRPGHeroesPolyart/Animations/NoWeaponStance/Die_noWeaponAnim.uasset" 14
"D:/Unreal Projects/GGJ2021/Content/ModularRPGHeroesPolyart/Animations/NoWeaponStance/ClimbEnd_noWeaponAnim.uasset" 15
"D:/Unreal Projects/GGJ2021/Content/ModularRPGHeroesPolyart/Animations/CharacterAnimationB_C.uasset" 16
"D:/Unreal Projects/GGJ2021/Content/ThirdPersonBP/Blueprints/VariablesGB.uasset" 17
"../../../Engine/Content/EditorBlueprintResources/StandardMacros.uasset" 18
"D:/Unreal Projects/GGJ2021/Content/Huds/img/LondrinaSolid-Black.uasset" 19
"D:/Unreal Projects/GGJ2021/Content/Huds/img/LondrinaSolid-Black_Font.uasset" 20
"D:/Unreal Projects/GGJ2021/Content/Huds/Pause.uasset" 21
"D:/Unreal Projects/GGJ2021/Content/Huds/img/map.uasset" 22
"D:/Unreal Projects/GGJ2021/Content/Huds/Map_WG.uasset" 23
"D:/Unreal Projects/GGJ2021/Content/Huds/img/book.uasset" 24
"D:/Unreal Projects/GGJ2021/Content/Developers/user/Collections/book.uasset" 25
"D:/Unreal Projects/GGJ2021/Content/Huds/Book.uasset" 26
"D:/Unreal Projects/GGJ2021/Content/Developers/Suare/Particulas/Material/FireTorch_Material.uasset" 27
"D:/Unreal Projects/GGJ2021/Content/Developers/Suare/Particulas/FireTorch.uasset" 28
"D:/Unreal Projects/GGJ2021/Content/ThirdPerson/Meshes/RampMaterial.uasset" 29
"D:/Unreal Projects/GGJ2021/Content/ThirdPerson/Meshes/RightArm_StaticMesh.uasset" 30
"D:/Unreal Projects/GGJ2021/Content/Audio/Sounds/steps/water_steps/pasos_agua-003.uasset" 31
"D:/Unreal Projects/GGJ2021/Content/Audio/Sounds/steps/water_steps/pasos_agua-002.uasset" 32
"D:/Unreal Projects/GGJ2021/Content/Audio/Sounds/steps/water_steps/pasos_agua-001.uasset" 33
"D:/Unreal Projects/GGJ2021/Content/Audio/Sounds/steps/maze_steps/pasos_laberinto-006.uasset" 34
"D:/Unreal Projects/GGJ2021/Content/Audio/Sounds/steps/maze_steps/pasos_laberinto-005.uasset" 35
"D:/Unreal Projects/GGJ2021/Content/Audio/Sounds/steps/maze_steps/pasos_laberinto-004.uasset" 36
"D:/Unreal Projects/GGJ2021/Content/Audio/Sounds/steps/maze_steps/pasos_laberinto-003.uasset" 37
"D:/Unreal Projects/GGJ2021/Content/Audio/Sounds/steps/maze_steps/pasos_laberinto-002.uasset" 38
"D:/Unreal Projects/GGJ2021/Content/Audio/Sounds/steps/maze_steps/pasos_laberinto-001.uasset" 39
"D:/Unreal Projects/GGJ2021/Content/Audio/Sounds/steps/cave_steps/pasos_cueva-006.uasset" 40
"D:/Unreal Projects/GGJ2021/Content/Audio/Sounds/steps/cave_steps/pasos_cueva-005.uasset" 41
"D:/Unreal Projects/GGJ2021/Content/Audio/Sounds/steps/cave_steps/pasos_cueva-004.uasset" 42
"D:/Unreal Projects/GGJ2021/Content/Audio/Sounds/steps/cave_steps/pasos_cueva-003.uasset" 43
"D:/Unreal Projects/GGJ2021/Content/Audio/Sounds/steps/cave_steps/pasos_cueva-002.uasset" 44
"D:/Unreal Projects/GGJ2021/Content/Audio/Sounds/steps/cave_steps/pasos_cueva-001.uasset" 45
"D:/Unreal Projects/GGJ2021/Content/Audio/Sounds/Steps.uasset" 46
"D:/Unreal Projects/GGJ2021/Content/ThirdPersonBP/Blueprints/CharacterBP.uasset" 47
"D:/Unreal Projects/GGJ2021/Content/ThirdPersonBP/Blueprints/ThirdPersonGameMode.uasset" 48
"../../../Engine/Content/Functions/Engine_MaterialFunctions01/Opacity/CameraDepthFade.uasset" 49
"../../../Engine/Content/EngineMaterials/T_Default_Material_Grid_N.uasset" 50
"../../../Engine/Content/EngineMaterials/T_Default_Material_Grid_M.uasset" 51
"../../../Engine/Content/EngineMaterials/WorldGridMaterial.uasset" 52
"../../../Engine/Content/ArtTools/RenderToTexture/Meshes/S_1_Unit_Plane.uasset" 53
"../../../Engine/Content/EngineMaterials/DefaultMaterial.uasset" 54
"../../../Engine/Content/BasicShapes/Cone.uasset" 55
"../../../Engine/Content/BasicShapes/Cube.uasset" 56
"../../../Engine/Content/BasicShapes/Plane.uasset" 57
"../../../Engine/Content/BasicShapes/Sphere.uasset" 58
"../../../Engine/Content/EditorLandscapeResources/DataLayer.uasset" 59
"../../../Engine/Content/EditorLandscapeResources/DefaultAlphaTexture.uasset" 60
"../../../Engine/Content/EditorMaterials/MAT_Groups_Toggle.uasset" 61
"../../../Engine/Content/EditorMaterials/MAT_Groups_Visibility.uasset" 62
"../../../Engine/Content/EditorMaterials/PreviewShadowIndicator.uasset" 63
"../../../Engine/Content/EditorMaterials/PreviewShadowIndicatorMaterial.uasset" 64
"../../../Engine/Content/EditorMaterials/MatineeGroups/MAT_ColorTrack.uasset" 65
"../../../Engine/Content/EditorMaterials/MatineeGroups/MAT_Groups_Anim.uasset" 66
"../../../Engine/Content/EditorMaterials/MatineeGroups/MAT_Groups_AudioMaster.uasset" 67
"../../../Engine/Content/EditorMaterials/MatineeGroups/MAT_Groups_Director.uasset" 68
"../../../Engine/Content/EditorMaterials/MatineeGroups/MAT_Groups_Event.uasset" 69
"../../../Engine/Content/EditorMaterials/MatineeGroups/MAT_Groups_Fade.uasset" 70
"../../../Engine/Content/EditorMaterials/MatineeGroups/MAT_Groups_Float.uasset" 71
"../../../Engine/Content/EditorMaterials/MatineeGroups/MAT_Groups_Move.uasset" 72
"../../../Engine/Content/EditorMaterials/MatineeGroups/MAT_Groups_Slomo.uasset" 73
"../../../Engine/Content/EditorMaterials/MatineeGroups/MAT_Groups_Sound.uasset" 74
"../../../Engine/Content/EditorMaterials/MatineeGroups/MAT_Groups_Vector.uasset" 75
"../../../Engine/Content/EditorMaterials/ParticleSystems/PSysThumbnail_NoImage.uasset" 76
"../../../Engine/Content/EditorMaterials/ParticleSystems/PSysThumbnail_OOD.uasset" 77
"../../../Engine/Content/EditorMaterials/Camera/CineMat.uasset" 78
"../../../Engine/Content/EditorMaterials/Camera/MI_CineMat_Rig.uasset" 79
"../../../Engine/Content/EditorMeshes/Camera/SM_CraneRig_Arm.uasset" 80
"../../../Engine/Content/EditorMeshes/Camera/SM_CraneRig_Base.uasset" 81
"../../../Engine/Content/EditorMeshes/Camera/SM_CraneRig_Body.uasset" 82
"../../../Engine/Content/EditorMeshes/Camera/SM_CraneRig_Mount.uasset" 83
"../../../Engine/Content/EditorMeshes/Camera/SM_RailRig_Mount.uasset" 84
"../../../Engine/Content/EditorMeshes/Camera/SM_RailRig_Track.uasset" 85
"../../../Engine/Content/EditorResources/BSPVertex.uasset" 86
"../../../Engine/Content/EditorResources/EmptyActor.uasset" 87
"../../../Engine/Content/EditorResources/S_Actor.uasset" 88
"../../../Engine/Content/EditorResources/S_Note.uasset" 89
"../../../Engine/Content/EditorResources/S_Solver.uasset" 90
"../../../Engine/Content/EditorResources/S_Terrain.uasset" 91
"../../../Engine/Content/EditorResources/S_Trigger.uasset" 92
"../../../Engine/Content/EditorResources/AudioIcons/S_AudioComponent_AutoActivate.uasset" 93
"../../../Engine/Content/EditorResources/LightIcons/S_LightError.uasset" 94
"../../../Engine/Content/EditorResources/SequenceRecorder/Countdown.uasset" 95
"../../../Engine/Content/EditorResources/SequenceRecorder/RecordingIndicator.uasset" 96
"../../../Engine/Content/EngineDamageTypes/DmgTypeBP_Environmental.uasset" 97
"../../../Engine/Content/EngineDebugMaterials/DebugEditorMaterial.uasset" 98
"../../../Engine/Content/EngineDebugMaterials/DebugMeshMaterial.uasset" 99
"../../../Engine/Content/EngineDebugMaterials/M_SimpleUnlitTranslucent.uasset" 100
"../../../Engine/Content/EngineDebugMaterials/VolumeToRender.uasset" 101
"../../../Engine/Content/Functions/Engine_MaterialFunctions02/Utility/CameraDirectionVector.uasset" 102
"../../../Engine/Content/EngineDebugMaterials/M_VolumeRenderSphereTracePP.uasset" 103
"../../../Engine/Content/Functions/Engine_MaterialFunctions01/Shading/ConvertFromDiffSpec.uasset" 104
"../../../Engine/Content/EngineDebugMaterials/VertexColorMaterial.uasset" 105
"../../../Engine/Content/EngineDebugMaterials/WireframeMaterial.uasset" 106
"../../../Engine/Content/EngineFonts/Faces/RobotoRegular.uasset" 107
"../../../Engine/Content/EngineFonts/Faces/RobotoLight.uasset" 108
"../../../Engine/Content/EngineFonts/Faces/RobotoItalic.uasset" 109
"../../../Engine/Content/EngineFonts/Faces/RobotoBoldItalic.uasset" 110
"../../../Engine/Content/EngineFonts/Faces/RobotoBold.uasset" 111
"../../../Engine/Content/EngineFonts/Faces/DroidSansFallback.uasset" 112
"../../../Engine/Content/EngineFonts/Roboto.uasset" 113
"../../../Engine/Content/EngineMaterials/BaseFlattenNormalMap.uasset" 114
"../../../Engine/Content/EngineMaterials/BaseFlattenGrayscaleMap.uasset" 115
"../../../Engine/Content/EngineMaterials/BaseFlattenEmissiveMap.uasset" 116
"../../../Engine/Content/EngineMaterials/BaseFlattenDiffuseMap.uasset" 117
"../../../Engine/Content/EngineMaterials/BaseFlattenMaterial.uasset" 118
"../../../Engine/Content/EngineMaterials/BlueNoise.uasset" 119
"../../../Engine/Content/EngineMaterials/DefaultBloomKernel.uasset" 120
"../../../Engine/Content/EngineMaterials/DefaultBokeh.uasset" 121
"../../../Engine/Content/EngineMaterials/DefaultDiffuse.uasset" 122
"../../../Engine/Content/EngineMaterials/DefaultDeferredDecalMaterial.uasset" 123
"../../../Engine/Content/EngineMaterials/DefaultLightFunctionMaterial.uasset" 124
"../../../Engine/Content/Functions/Engine_MaterialFunctions02/Utility/BreakOutFloat2Components.uasset" 125
"../../../Engine/Content/EngineMaterials/DefaultPostProcessMaterial.uasset" 126
"../../../Engine/Content/EngineFonts/RobotoDistanceField.uasset" 127
"../../../Engine/Content/EngineMaterials/DefaultTextMaterialOpaque.uasset" 128
"../../../Engine/Content/EngineMaterials/DefaultWhiteGrid.uasset" 129
"../../../Engine/Content/EngineMaterials/DefaultWhiteGrid_Low.uasset" 130
"../../../Engine/Content/EngineMaterials/EmissiveMeshMaterial.uasset" 131
"../../../Engine/Content/EngineMaterials/GizmoMaterial.uasset" 132
"../../../Engine/Content/EngineMaterials/Good64x64TilingNoiseHighFreq.uasset" 133
"../../../Engine/Content/EngineMaterials/MiniFont.uasset" 134
"../../../Engine/Content/EngineMaterials/InvalidLightmapSettings.uasset" 135
"../../../Engine/Content/EngineMaterials/M_InvalidLightmapSettings.uasset" 136
"../../../Engine/Content/Functions/Engine_MaterialFunctions02/WorldPositionOffset/CameraOffset.uasset" 137
"../../../Engine/Content/EngineMaterials/PhAT_JointLimitMaterial.uasset" 138
"../../../Engine/Content/EngineMaterials/PreintegratedSkinBRDF.uasset" 139
"../../../Engine/Content/EngineMaterials/RemoveSurfaceMaterial.uasset" 140
"../../../Engine/Content/EngineResources/WhiteSquareTexture.uasset" 141
"../../../Engine/Content/EngineMaterials/Widget3DPassThrough.uasset" 142
"../../../Engine/Content/EngineMaterials/Widget3DPassThrough_Masked.uasset" 143
"../../../Engine/Content/EngineMaterials/Widget3DPassThrough_Opaque.uasset" 144
"../../../Engine/Content/EngineMaterials/Widget3DPassThrough_Masked_OneSided.uasset" 145
"../../../Engine/Content/EngineMaterials/Widget3DPassThrough_Opaque_OneSided.uasset" 146
"../../../Engine/Content/EngineMaterials/Widget3DPassThrough_Translucent.uasset" 147
"../../../Engine/Content/EngineMaterials/Widget3DPassThrough_Translucent_OneSided.uasset" 148
"../../../Engine/Content/EngineMeshes/Cylinder.uasset" 149
"../../../Engine/Content/EngineMeshes/Sphere.uasset" 150
"../../../Engine/Content/EngineResources/DefaultTextureCube.uasset" 151
"../../../Engine/Content/EngineResources/DefaultVolumeTexture2D.uasset" 152
"../../../Engine/Content/EngineResources/DefaultVolumeTexture.uasset" 153
"../../../Engine/Content/EngineResources/GradientTexture0.uasset" 154
"../../../Engine/Content/EngineSky/VolumetricClouds/T_NoiseShape64.uasset" 155
"../../../Engine/Content/EngineSky/VolumetricClouds/T_VolumeNoiseShape64.uasset" 156
"../../../Engine/Content/EngineSky/VolumetricClouds/T_NoiseErosion.uasset" 157
"../../../Engine/Content/EngineSky/VolumetricClouds/T_VolumeNoiseErosion32.uasset" 158
"../../../Engine/Content/EngineSky/VolumetricClouds/CloudWeatherTexture.uasset" 159
"../../../Engine/Content/EngineSky/VolumetricClouds/CloudGradientTexture.uasset" 160
"../../../Engine/Content/Functions/Engine_MaterialFunctions02/Utility/MakeFloat2.uasset" 161
"../../../Engine/Content/EngineSky/VolumetricClouds/m_SimpleVolumetricCloud.uasset" 162
"../../../Engine/Content/EngineSky/VolumetricClouds/m_SimpleVolumetricCloud_Inst.uasset" 163
"../../../Engine/Content/EngineSounds/Master.uasset" 164
"../../../Engine/Content/Functions/Engine_MaterialFunctions01/Shading/PowerToRoughness.uasset" 165
"../../../Engine/Content/Maps/Templates/Thumbnails/Default.uasset" 166
"../../../Engine/Content/Maps/Templates/Thumbnails/TimeOfDay.uasset" 167
"../../../Engine/Content/Maps/Templates/Thumbnails/VR-Basic.uasset" 168
"../../../Engine/Content/MobileResources/T_MobileControls_texture.uasset" 169
"../../../Engine/Content/MobileResources/T_MobileMenu2.uasset" 170
"../../../Engine/Content/MobileResources/HUD/AnalogHat.uasset" 171
"../../../Engine/Content/MobileResources/HUD/VirtualJoystick_Thumb.uasset" 172
"../../../Engine/Content/MobileResources/HUD/VirtualJoystick_Background.uasset" 173
"../../../Engine/Content/MobileResources/HUD/DefaultVirtualJoysticks.uasset" 174
"../../../Engine/Content/MobileResources/HUD/LeftVirtualJoystickOnly.uasset" 175
"../../../Engine/Content/MobileResources/HUD/MobileHUDButton1_off.uasset" 176
"../../../Engine/Content/MobileResources/HUD/MobileHUDButton1_on.uasset" 177
"../../../Engine/Content/MobileResources/HUD/MobileHUDButton2_off.uasset" 178
"../../../Engine/Content/MobileResources/HUD/MobileHUDButton2_on.uasset" 179
"../../../Engine/Content/MobileResources/HUD/MobileHUDButton3.uasset" 180
"../../../Engine/Content/MobileResources/HUD/MobileHUDButtonFire.uasset" 181
"../../../Engine/Content/MobileResources/HUD/MobileHUDDirectionPad.uasset" 182
"../../../Engine/Content/MobileResources/HUD/MobileHUDDirectionPad2.uasset" 183
"../../../Engine/Content/MobileResources/HUD/MobileHUDDirectionPad3.uasset" 184
"../../../Engine/Content/MobileResources/HUD/MobileHUDDirectionStick.uasset" 185
"../../../Engine/Content/MobileResources/HUD/T_Castle_ThumbstickInner.uasset" 186
"../../../Engine/Content/MobileResources/HUD/T_Castle_ThumbstickOutter.uasset" 187
"../../../Engine/Content/Tutorial/ContentIntroCurve.uasset" 188
"../../../Engine/Content/Tutorial/Basics/LevelEditorAttract.uasset" 189
"../../../Engine/Content/VREditor/TransformGizmo/TranslucentTransformGizmoMaterial.uasset" 190
"../../../Engine/Content/VREditor/LaserPointer/VR_LaserPower_01.uasset" 191
"../../../Engine/Content/VREditor/TransformGizmo/TransformGizmoMaterial.uasset" 192
"../../../Engine/Content/VREditor/TransformGizmo/BoundingBoxCorner.uasset" 193
"../../../Engine/Content/VREditor/TransformGizmo/BoundingBoxEdge.uasset" 194
"../../../Engine/Content/VREditor/TransformGizmo/PlaneTranslationHandle.uasset" 195
"../../../Engine/Content/VREditor/TransformGizmo/Xray.uasset" 196
"../../../Engine/Content/VREditor/TransformGizmo/Main.uasset" 197
"../../../Engine/Content/VREditor/TransformGizmo/SM_Sequencer_Key.uasset" 198
"../../../Engine/Content/VREditor/TransformGizmo/SM_Sequencer_Node.uasset" 199
"../../Plugins/2D/Paper2D/Content/PlaceholderTextures/DummySpriteTexture.uasset" 200
"../../Plugins/2D/Paper2D/Content/DummySprite.uasset" 201
"../../Plugins/2D/Paper2D/Content/DefaultPaperTerrainMaterial.uasset" 202
"../../Plugins/2D/Paper2D/Content/DefaultSpriteMaterial.uasset" 203
"../../Plugins/2D/Paper2D/Content/MaskedUnlitSpriteMaterial.uasset" 204
"../../Plugins/2D/Paper2D/Content/OpaqueUnlitSpriteMaterial.uasset" 205
"../../../Engine/Content/Functions/Engine_MaterialFunctions02/ObjectLocalBounds.uasset" 206
"../../../Engine/Content/Functions/Engine_MaterialFunctions02/Utility/BreakOutFloat3Components.uasset" 207
"../../Plugins/Editor/SpeedTreeImporter/Content/SpeedTree9/UnpackInteger3.uasset" 208
"../../Plugins/Editor/SpeedTreeImporter/Content/SpeedTree9/UnpackDirection.uasset" 209
"../../Plugins/Editor/SpeedTreeImporter/Content/SpeedTree9/game_wind_noise.uasset" 210
"../../../Engine/Content/Functions/Engine_MaterialFunctions02/SafeNormalize.uasset" 211
"../../Plugins/Editor/SpeedTreeImporter/Content/SpeedTree9/SpeedTreeWindMotion.uasset" 212
"../../Plugins/Editor/SpeedTreeImporter/Content/SpeedTree9/SpeedTreeBranchMotion.uasset" 213
"../../../Engine/Content/Functions/Engine_MaterialFunctions02/UVs/BoundingBoxBased_0-1_UVW.uasset" 214
"../../Plugins/Editor/SpeedTreeImporter/Content/SpeedTree9/SpeedTreeWind.uasset" 215
"../../Plugins/Editor/SpeedTreeImporter/Content/SpeedTree9/SpeedTreeBillboard.uasset" 216
"../../../Engine/Content/EngineResources/DefaultTexture.uasset" 217
"../../Plugins/Editor/SpeedTreeImporter/Content/SpeedTree9/SpeedTreeBillboardMaster.uasset" 218
"../../Plugins/Editor/SpeedTreeImporter/Content/SpeedTree9/SpeedTreeCameraFacing.uasset" 219
"../../Plugins/Editor/SpeedTreeImporter/Content/SpeedTree9/SpeedTreeMaster.uasset" 220
"../../../Engine/Content/BasicShapes/Cylinder.uasset" 221
"../../../Engine/Content/ArtTools/RenderToTexture/Materials/Debug/M_Emissive_Color.uasset" 222
"../../Plugins/Lumin/MagicLeapPassableWorld/Content/MagicLeapARPinInfoActor.uasset" 223
"../../Plugins/Experimental/Water/Content/Curves/FloatCurve_WaterBodyIsland.uasset" 224
"../../Plugins/Experimental/Water/Content/Icons/WaterBodyLakeSprite.uasset" 225
"../../Plugins/Experimental/Water/Content/Icons/WaterSprite.uasset" 226
"../../Plugins/Experimental/Water/Content/Meshes/RiverMesh.uasset" 227
"../../Plugins/Experimental/Water/Content/Waves/GerstnerWaves_Ocean.uasset" 228
"../../../Engine/Content/Functions/Engine_MaterialFunctions02/Utility/BreakOutFloat4Components.uasset" 229
"../../../Engine/Content/Functions/Engine_MaterialFunctions02/Utility/MakeFloat3.uasset" 230
"../../Plugins/Runtime/Oculus/OculusVR/Content/Materials/OculusMR_ChromaKey.uasset" 231
"../../Plugins/Runtime/Oculus/OculusVR/Content/Materials/OculusMR_OpaqueColoredMaterial.uasset" 232
"../../Plugins/Runtime/Oculus/OculusVR/Content/Materials/PokeAHoleMaterial.uasset" 233
"D:/Unreal Projects/GGJ2021/Plugins/Wwise/Content/S_AkSpotReflector.uasset" 234
"D:/Unreal Projects/GGJ2021/Plugins/Wwise/Content/WwiseTree/Icons/acoutex_nor.uasset" 235
"D:/Unreal Projects/GGJ2021/Plugins/Wwise/Content/WwiseTree/Icons/actor_mixer_nor.uasset" 236
"D:/Unreal Projects/GGJ2021/Plugins/Wwise/Content/WwiseTree/Icons/auxbus_nor.uasset" 237
"D:/Unreal Projects/GGJ2021/Plugins/Wwise/Content/WwiseTree/Icons/bus_nor.uasset" 238
"D:/Unreal Projects/GGJ2021/Plugins/Wwise/Content/WwiseTree/Icons/container_random_sequence_nor.uasset" 239
"D:/Unreal Projects/GGJ2021/Plugins/Wwise/Content/WwiseTree/Icons/container_switch_nor.uasset" 240
"D:/Unreal Projects/GGJ2021/Plugins/Wwise/Content/WwiseTree/Icons/event_nor.uasset" 241
"D:/Unreal Projects/GGJ2021/Plugins/Wwise/Content/WwiseTree/Icons/folder_nor.uasset" 242
"D:/Unreal Projects/GGJ2021/Plugins/Wwise/Content/WwiseTree/Icons/gameparameter_nor.uasset" 243
"D:/Unreal Projects/GGJ2021/Plugins/Wwise/Content/WwiseTree/Icons/layer_container_nor.uasset" 244
"D:/Unreal Projects/GGJ2021/Plugins/Wwise/Content/WwiseTree/Icons/motion_bus_nor.uasset" 245
"D:/Unreal Projects/GGJ2021/Plugins/Wwise/Content/WwiseTree/Icons/physical_folder_nor.uasset" 246
"D:/Unreal Projects/GGJ2021/Plugins/Wwise/Content/WwiseTree/Icons/sound_fx_nor.uasset" 247
"D:/Unreal Projects/GGJ2021/Plugins/Wwise/Content/WwiseTree/Icons/stategroup_nor.uasset" 248
"D:/Unreal Projects/GGJ2021/Plugins/Wwise/Content/WwiseTree/Icons/state_nor.uasset" 249
"D:/Unreal Projects/GGJ2021/Plugins/Wwise/Content/WwiseTree/Icons/switchgroup_nor.uasset" 250
"D:/Unreal Projects/GGJ2021/Plugins/Wwise/Content/WwiseTree/Icons/switch_nor.uasset" 251
"D:/Unreal Projects/GGJ2021/Plugins/Wwise/Content/WwiseTree/Icons/trigger_nor.uasset" 252
"D:/Unreal Projects/GGJ2021/Plugins/Wwise/Content/WwiseTree/Icons/workunit_nor.uasset" 253
"D:/Unreal Projects/GGJ2021/Plugins/Wwise/Content/WwiseTree/Icons/wproj.uasset" 254
"D:/Unreal Projects/GGJ2021/Plugins/Wwise/Content/WwiseTree/Icons/wwise_icon_16.uasset" 255
"D:/Unreal Projects/GGJ2021/Plugins/Wwise/Content/WwiseTree/Icons/wwise_icon_512.uasset" 256
"D:/Unreal Projects/GGJ2021/Plugins/Wwise/Content/WwiseTree/Icons/wwise_logo_32.uasset" 257
"D:/Unreal Projects/GGJ2021/Plugins/Wwise/Content/WwiseTypes/AkAcousticTexture.uasset" 258
"D:/Unreal Projects/GGJ2021/Plugins/Wwise/Content/WwiseTypes/AkAudioBank.uasset" 259
"D:/Unreal Projects/GGJ2021/Plugins/Wwise/Content/WwiseTypes/AkAudioEvent.uasset" 260
"D:/Unreal Projects/GGJ2021/Plugins/Wwise/Content/WwiseTypes/AkAuxBus.uasset" 261
"D:/Unreal Projects/GGJ2021/Plugins/Wwise/Content/WwiseTypes/AkExternalMediaAsset.uasset" 262
"D:/Unreal Projects/GGJ2021/Plugins/Wwise/Content/WwiseTypes/AkLocalizedMediaAsset.uasset" 263
"D:/Unreal Projects/GGJ2021/Plugins/Wwise/Content/WwiseTypes/AkMediaAsset.uasset" 264
"D:/Unreal Projects/GGJ2021/Plugins/Wwise/Content/WwiseTypes/AkRtpc.uasset" 265
"D:/Unreal Projects/GGJ2021/Plugins/Wwise/Content/WwiseTypes/AkStateValue.uasset" 266
"D:/Unreal Projects/GGJ2021/Plugins/Wwise/Content/WwiseTypes/AkSwitchValue.uasset" 267
"D:/Unreal Projects/GGJ2021/Plugins/Wwise/Content/WwiseTypes/AkTrigger.uasset" 268
"D:/Unreal Projects/GGJ2021/Content/ThirdPersonBP/Maps/Labyrinth_BuiltData.uasset" 269
"D:/Unreal Projects/GGJ2021/Content/Physics/FloorMazePhyMat.uasset" 270
"D:/Unreal Projects/GGJ2021/Content/MultistoryDungeons/Textures/Atlas_Props_01_Roughness.uasset" 271
"D:/Unreal Projects/GGJ2021/Content/MultistoryDungeons/Textures/Atlas_Props_01_Normal.uasset" 272
"D:/Unreal Projects/GGJ2021/Content/MultistoryDungeons/Textures/Atlas_Props_01_Metallic.uasset" 273
"D:/Unreal Projects/GGJ2021/Content/MultistoryDungeons/Textures/Atlas_Props_01.uasset" 274
"D:/Unreal Projects/GGJ2021/Content/MultistoryDungeons/Materials/Props_01.uasset" 275
"D:/Unreal Projects/GGJ2021/Content/MultistoryDungeons/Materials/Props_01_Inst.uasset" 276
"D:/Unreal Projects/GGJ2021/Content/MultistoryDungeons/Meshes/Props/Door_01.uasset" 277
"D:/Unreal Projects/GGJ2021/Content/MultistoryDungeons/Textures/Atlas_Props_02_Roughness.uasset" 278
"D:/Unreal Projects/GGJ2021/Content/MultistoryDungeons/Textures/Atlas_Props_02_Normal.uasset" 279
"D:/Unreal Projects/GGJ2021/Content/MultistoryDungeons/Textures/Atlas_Props_02_Metallic.uasset" 280
"D:/Unreal Projects/GGJ2021/Content/MultistoryDungeons/Textures/Atlas_Props_02.uasset" 281
"D:/Unreal Projects/GGJ2021/Content/MultistoryDungeons/Materials/Props_02.uasset" 282
"D:/Unreal Projects/GGJ2021/Content/MultistoryDungeons/Materials/Props_02_Inst.uasset" 283
"D:/Unreal Projects/GGJ2021/Content/MultistoryDungeons/Meshes/Props/Paper_05.uasset" 284
"D:/Unreal Projects/GGJ2021/Content/MultistoryDungeons/Meshes/Props/Paper_04.uasset" 285
"D:/Unreal Projects/GGJ2021/Content/MultistoryDungeons/Meshes/Props/Paper_03.uasset" 286
"D:/Unreal Projects/GGJ2021/Content/MultistoryDungeons/Meshes/Props/Paper_02.uasset" 287
"D:/Unreal Projects/GGJ2021/Content/MultistoryDungeons/Meshes/Props/Book_06.uasset" 288
"D:/Unreal Projects/GGJ2021/Content/MultistoryDungeons/Meshes/Props/Book_04.uasset" 289
"D:/Unreal Projects/GGJ2021/Content/MultistoryDungeons/Meshes/Props/Books_Preset_04.uasset" 290
"D:/Unreal Projects/GGJ2021/Content/MultistoryDungeons/Meshes/Props/Books_Preset_01.uasset" 291
"D:/Unreal Projects/GGJ2021/Content/MultistoryDungeons/Textures/Atlas_Furniture_01_Roughness.uasset" 292
"D:/Unreal Projects/GGJ2021/Content/MultistoryDungeons/Textures/Atlas_Furniture_01_Normal.uasset" 293
"D:/Unreal Projects/GGJ2021/Content/MultistoryDungeons/Textures/Atlas_Furniture_01.uasset" 294
"D:/Unreal Projects/GGJ2021/Content/MultistoryDungeons/Materials/Furniture_01.uasset" 295
"D:/Unreal Projects/GGJ2021/Content/MultistoryDungeons/Materials/Furniture_01_Inst.uasset" 296
"D:/Unreal Projects/GGJ2021/Content/MultistoryDungeons/Meshes/Props/Shelf_Preset_04.uasset" 297
"D:/Unreal Projects/GGJ2021/Content/MultistoryDungeons/Meshes/Props/Drawer_Preset_02.uasset" 298
"D:/Unreal Projects/GGJ2021/Content/MultistoryDungeons/Textures/Atlas_Props_02_Opacity.uasset" 299
"../../../Engine/Content/Functions/Engine_MaterialFunctions02/Fresnel_Function.uasset" 300
"D:/Unreal Projects/GGJ2021/Content/MultistoryDungeons/Materials/Props_Glass.uasset" 301
"D:/Unreal Projects/GGJ2021/Content/MultistoryDungeons/Materials/Props_Glass_Inst_01.uasset" 302
"D:/Unreal Projects/GGJ2021/Content/MultistoryDungeons/Meshes/Props/Cupboard_Big_Preset_03.uasset" 303
"D:/Unreal Projects/GGJ2021/Content/MultistoryDungeons/Meshes/Props/Shelf_01.uasset" 304
"D:/Unreal Projects/GGJ2021/Content/MultistoryDungeons/Meshes/Props/Rostrum_01.uasset" 305
"D:/Unreal Projects/GGJ2021/Content/MultistoryDungeons/Meshes/Props/Drawer_01.uasset" 306
"D:/Unreal Projects/GGJ2021/Content/MultistoryDungeons/Meshes/Props/Cupboard_04.uasset" 307
"D:/Unreal Projects/GGJ2021/Content/MultistoryDungeons/Meshes/Props/Chair_Wooden_01.uasset" 308
"D:/Unreal Projects/GGJ2021/Content/MultistoryDungeons/Meshes/Props/Bench_01.uasset" 309
"D:/Unreal Projects/GGJ2021/Content/ModularRPGHeroesPolyart/Meshes/Weapons/Shield01SM.uasset" 310
"D:/Unreal Projects/GGJ2021/Content/ModularRPGHeroesPolyart/Meshes/Weapons/Hammer01SM.uasset" 311
"D:/Unreal Projects/GGJ2021/Content/ModularRPGHeroesPolyart/Meshes/Weapons/Backpack03SM.uasset" 312
"D:/Unreal Projects/GGJ2021/Content/ModularRPGHeroesPolyart/Meshes/Weapons/Backpack02SM.uasset" 313
"D:/Unreal Projects/GGJ2021/Content/ModularRPGHeroesPolyart/Meshes/Weapons/Axe01SM.uasset" 314
"D:/Unreal Projects/GGJ2021/Content/MultistoryDungeons/Materials/Props_Glass_Lamp_Inst.uasset" 315
"D:/Unreal Projects/GGJ2021/Content/MultistoryDungeons/Meshes/Props/Lamp_01.uasset" 316
"D:/Unreal Projects/GGJ2021/Content/MultistoryDungeons/Meshes/Props/Jugs_Preset_02.uasset" 317
"D:/Unreal Projects/GGJ2021/Content/MultistoryDungeons/Meshes/Props/Jugs_Preset_01.uasset" 318
"D:/Unreal Projects/GGJ2021/Content/MultistoryDungeons/Meshes/Props/Candle_04.uasset" 319
"D:/Unreal Projects/GGJ2021/Content/MultistoryDungeons/Meshes/Props/Candle_02.uasset" 320
"D:/Unreal Projects/GGJ2021/Content/MultistoryDungeons/Meshes/Props/Candles_05.uasset" 321
"D:/Unreal Projects/GGJ2021/Content/MultistoryDungeons/Meshes/Props/Candles_03.uasset" 322
"D:/Unreal Projects/GGJ2021/Content/MultistoryDungeons/Meshes/Props/Barrel_01.uasset" 323
"D:/Unreal Projects/GGJ2021/Content/MultistoryDungeons/Meshes/Props/Barrels_Preset_02.uasset" 324
"D:/Unreal Projects/GGJ2021/Content/MultistoryDungeons/Meshes/Props/Barrels_Preset_01.uasset" 325
"D:/Unreal Projects/GGJ2021/Content/ModularRPGHeroesPolyart/Meshes/Weapons/Sword04SM.uasset" 326
"D:/Unreal Projects/GGJ2021/Content/ModularRPGHeroesPolyart/Meshes/Weapons/Sword03SM.uasset" 327
"D:/Unreal Projects/GGJ2021/Content/ModularRPGHeroesPolyart/Meshes/Weapons/Shield05SM.uasset" 328
"D:/Unreal Projects/GGJ2021/Content/ModularRPGHeroesPolyart/Meshes/Weapons/Shield04SM.uasset" 329
"D:/Unreal Projects/GGJ2021/Content/ModularRPGHeroesPolyart/Meshes/Weapons/Shield03SM.uasset" 330
"D:/Unreal Projects/GGJ2021/Content/ModularRPGHeroesPolyart/Meshes/Weapons/Shield02SM.uasset" 331
"D:/Unreal Projects/GGJ2021/Content/Huds/img/background_text.uasset" 332
"D:/Unreal Projects/GGJ2021/Content/Huds/Lab_WG/lab_text9.uasset" 333
"D:/Unreal Projects/GGJ2021/Content/Huds/Lab_WG/lab_text8.uasset" 334
"D:/Unreal Projects/GGJ2021/Content/Huds/Lab_WG/lab_text7.uasset" 335
"D:/Unreal Projects/GGJ2021/Content/Huds/Lab_WG/lab_text6.uasset" 336
"D:/Unreal Projects/GGJ2021/Content/Huds/Lab_WG/lab_text5.uasset" 337
"D:/Unreal Projects/GGJ2021/Content/Huds/Lab_WG/lab_text4.uasset" 338
"D:/Unreal Projects/GGJ2021/Content/Huds/Lab_WG/lab_text3.uasset" 339
"D:/Unreal Projects/GGJ2021/Content/Huds/Lab_WG/lab_text21.uasset" 340
"D:/Unreal Projects/GGJ2021/Content/Huds/Lab_WG/lab_text20.uasset" 341
"D:/Unreal Projects/GGJ2021/Content/Huds/Lab_WG/lab_text2.uasset" 342
"D:/Unreal Projects/GGJ2021/Content/Huds/Lab_WG/lab_text19.uasset" 343
"D:/Unreal Projects/GGJ2021/Content/Huds/Lab_WG/lab_text18.uasset" 344
"D:/Unreal Projects/GGJ2021/Content/Huds/Lab_WG/lab_text17.uasset" 345
"D:/Unreal Projects/GGJ2021/Content/Huds/Lab_WG/lab_text16.uasset" 346
"D:/Unreal Projects/GGJ2021/Content/Huds/Lab_WG/lab_text15.uasset" 347
"D:/Unreal Projects/GGJ2021/Content/Huds/Lab_WG/lab_text14.uasset" 348
"D:/Unreal Projects/GGJ2021/Content/Huds/Lab_WG/lab_text13.uasset" 349
"D:/Unreal Projects/GGJ2021/Content/Huds/Lab_WG/lab_text12.uasset" 350
"D:/Unreal Projects/GGJ2021/Content/Huds/Lab_WG/lab_text11.uasset" 351
"D:/Unreal Projects/GGJ2021/Content/Huds/Lab_WG/lab_text10.uasset" 352
"D:/Unreal Projects/GGJ2021/Content/Huds/img/Title.uasset" 353
"D:/Unreal Projects/GGJ2021/Content/Huds/MainMenu.uasset" 354
"D:/Unreal Projects/GGJ2021/Content/Huds/img/CREDITOS_MAP.uasset" 355
"D:/Unreal Projects/GGJ2021/Content/Huds/Credits.uasset" 356
"D:/Unreal Projects/GGJ2021/Content/AdvancedVillagePack/Textures/T_Pack_03_E.uasset" 357
"D:/Unreal Projects/GGJ2021/Content/AdvancedVillagePack/Textures/T_Pack_02_RM.uasset" 358
"D:/Unreal Projects/GGJ2021/Content/AdvancedVillagePack/Textures/T_Pack_02_N.uasset" 359
"D:/Unreal Projects/GGJ2021/Content/AdvancedVillagePack/Textures/T_Pack_02_D.uasset" 360
"D:/Unreal Projects/GGJ2021/Content/AdvancedVillagePack/Textures/T_Pack_01_RM.uasset" 361
"D:/Unreal Projects/GGJ2021/Content/AdvancedVillagePack/Textures/T_Pack_01_N.uasset" 362
"D:/Unreal Projects/GGJ2021/Content/AdvancedVillagePack/Textures/T_Pack_01_D.uasset" 363
"D:/Unreal Projects/GGJ2021/Content/AdvancedVillagePack/Textures/T_Detail_N.uasset" 364
"D:/Unreal Projects/GGJ2021/Content/AdvancedVillagePack/Materials/M_Uber.uasset" 365
"D:/Unreal Projects/GGJ2021/Content/AdvancedVillagePack/Materials/M_Inst_Pack_02.uasset" 366
"D:/Unreal Projects/GGJ2021/Content/AdvancedVillagePack/Materials/M_Inst_Pack_01.uasset" 367
"D:/Unreal Projects/GGJ2021/Content/AdvancedVillagePack/Textures/T_Pack_06_D.uasset" 368
"D:/Unreal Projects/GGJ2021/Content/AdvancedVillagePack/Textures/T_Pack_06_N.uasset" 369
"D:/Unreal Projects/GGJ2021/Content/AdvancedVillagePack/Textures/T_Pack_06_RM.uasset" 370
"D:/Unreal Projects/GGJ2021/Content/AdvancedVillagePack/Materials/M_Inst_Pack_06.uasset" 371
"D:/Unreal Projects/GGJ2021/Content/AdvancedVillagePack/Textures/T_Pack_07_D.uasset" 372
"D:/Unreal Projects/GGJ2021/Content/AdvancedVillagePack/Textures/T_Pack_07_N.uasset" 373
"D:/Unreal Projects/GGJ2021/Content/AdvancedVillagePack/Textures/T_Pack_07_RM.uasset" 374
"D:/Unreal Projects/GGJ2021/Content/AdvancedVillagePack/Materials/M_Inst_Pack_07.uasset" 375
"D:/Unreal Projects/GGJ2021/Content/MultistoryDungeons/Materials/Props_Glass_Doublesided_Inst.uasset" 376
"D:/Unreal Projects/GGJ2021/Content/Developers/diego/Collections/Assets/Columnas/M_Columnas_R.uasset" 377
"D:/Unreal Projects/GGJ2021/Content/Developers/diego/Collections/Assets/Columnas/M_Columnas_BC.uasset" 378
"D:/Unreal Projects/GGJ2021/Content/Developers/diego/Collections/Assets/Columnas/lambert2.uasset" 379
"D:/Unreal Projects/GGJ2021/Content/Physics/FloorPhyMat.uasset" 380
"D:/Unreal Projects/GGJ2021/Content/Developers/diego/Collections/Assets/Props/lambert1_Roughness.uasset" 381
"D:/Unreal Projects/GGJ2021/Content/Developers/diego/Collections/Assets/Props/lambert1_Normal_DirectX.uasset" 382
"D:/Unreal Projects/GGJ2021/Content/Developers/diego/Collections/Assets/Props/lambert1_Mixed_AO.uasset" 383
"D:/Unreal Projects/GGJ2021/Content/Developers/diego/Collections/Assets/Props/lambert1_Emissive.uasset" 384
"D:/Unreal Projects/GGJ2021/Content/Developers/diego/Collections/Assets/Props/lambert1_Base_Color.uasset" 385
"D:/Unreal Projects/GGJ2021/Content/Developers/diego/Collections/Assets/Props/LobbyFloor.uasset" 386
"D:/Unreal Projects/GGJ2021/Content/Developers/diego/Collections/ActoresMerge/Laberinto.uasset" 387
"D:/Unreal Projects/GGJ2021/Content/Developers/diego/Collections/Assets/Toro/PACK_TORO_Roughness.uasset" 388
"D:/Unreal Projects/GGJ2021/Content/Developers/diego/Collections/Assets/Toro/PACK_TORO_Normal_DirectX.uasset" 389
"D:/Unreal Projects/GGJ2021/Content/Developers/diego/Collections/Assets/Toro/PACK_TORO_Mixed_AO.uasset" 390
"D:/Unreal Projects/GGJ2021/Content/Developers/diego/Collections/Assets/Toro/PACK_TORO_Metallic.uasset" 391
"D:/Unreal Projects/GGJ2021/Content/Developers/diego/Collections/Assets/Toro/PACK_TORO_Emissive.uasset" 392
"D:/Unreal Projects/GGJ2021/Content/Developers/diego/Collections/Assets/Toro/PACK_TORO_Base_Color.uasset" 393
"D:/Unreal Projects/GGJ2021/Content/Developers/diego/Collections/Assets/Toro/PACK_TORO.uasset" 394
"D:/Unreal Projects/GGJ2021/Content/Developers/diego/Collections/Assets/Toro/Toro_Toro1.uasset" 395
"D:/Unreal Projects/GGJ2021/Content/Developers/Suare/Object1.uasset" 396
"D:/Unreal Projects/GGJ2021/Content/Huds/LoadingScreen.uasset" 397
"D:/Unreal Projects/GGJ2021/Content/Huds/Challenge1/TIMER.uasset" 398
"D:/Unreal Projects/GGJ2021/Content/Developers/diego/Collections/Assets/Tigre/PACK_TIGRE_Roughness.uasset" 399
"D:/Unreal Projects/GGJ2021/Content/Developers/diego/Collections/Assets/Tigre/PACK_TIGRE_Normal_DirectX.uasset" 400
"D:/Unreal Projects/GGJ2021/Content/Developers/diego/Collections/Assets/Tigre/PACK_TIGRE_Mixed_AO.uasset" 401
"D:/Unreal Projects/GGJ2021/Content/Developers/diego/Collections/Assets/Tigre/PACK_TIGRE_Metallic.uasset" 402
"D:/Unreal Projects/GGJ2021/Content/Developers/diego/Collections/Assets/Tigre/PACK_TIGRE_Base_Color.uasset" 403
"D:/Unreal Projects/GGJ2021/Content/Developers/diego/Collections/Assets/Tigre/PACK_TIGRE.uasset" 404
"D:/Unreal Projects/GGJ2021/Content/Developers/diego/Collections/Assets/Tigre/Tigre_pCylinder2.uasset" 405
"D:/Unreal Projects/GGJ2021/Content/Developers/diego/Collections/Assets/Tigre/Tigre_Alfombra.uasset" 406
"D:/Unreal Projects/GGJ2021/Content/Huds/Challenge1/Objetc1.uasset" 407
"D:/Unreal Projects/GGJ2021/Content/Geometry/Meshes/CubeMaterial.uasset" 408
"D:/Unreal Projects/GGJ2021/Content/Geometry/Meshes/1M_Cube.uasset" 409
"D:/Unreal Projects/GGJ2021/Content/Developers/diego/Collections/Assets/Landscape/PisoBaldosa_LayerInfo.uasset" 410
"D:/Unreal Projects/GGJ2021/Content/Developers/diego/Collections/Assets/Landscape/n5.uasset" 411
"D:/Unreal Projects/GGJ2021/Content/Developers/diego/Collections/Assets/Landscape/n2.uasset" 412
"D:/Unreal Projects/GGJ2021/Content/Developers/diego/Collections/Assets/Landscape/N10.uasset" 413
"../../../Engine/Content/EngineMaterials/WeightMapPlaceholderTexture.uasset" 414
"D:/Unreal Projects/GGJ2021/Content/Developers/diego/Collections/Assets/Landscape/e84f36bdf8201e14c02f4653c55568ff.uasset" 415
"D:/Unreal Projects/GGJ2021/Content/Developers/diego/Collections/Assets/Landscape/2.uasset" 416
"D:/Unreal Projects/GGJ2021/Content/Developers/diego/Collections/Assets/Landscape/151a1e138955fba6f7ebc5c3e77a2f66.uasset" 417
"D:/Unreal Projects/GGJ2021/Content/Developers/diego/Collections/Assets/Landscape/M_LNDS.uasset" 418
"D:/Unreal Projects/GGJ2021/Content/Developers/diego/Collections/Assets/Landscape/Dirt_LayerInfo.uasset" 419
"D:/Unreal Projects/GGJ2021/Content/AdvancedVillagePack/Textures/T_Pack_03_RM.uasset" 420
"D:/Unreal Projects/GGJ2021/Content/AdvancedVillagePack/Textures/T_Pack_03_N.uasset" 421
"D:/Unreal Projects/GGJ2021/Content/AdvancedVillagePack/Textures/T_Pack_03_D.uasset" 422
"D:/Unreal Projects/GGJ2021/Content/AdvancedVillagePack/Materials/M_Inst_Pack_03.uasset" 423
"D:/Unreal Projects/GGJ2021/Content/Developers/diego/Collections/ActoresMerge/Cajas_1.uasset" 424
"D:/Unreal Projects/GGJ2021/Content/MultistoryDungeons/Meshes/Props/Candles_01.uasset" 425
"D:/Unreal Projects/GGJ2021/Content/Audio/Music/MazeMusic.uasset" 426
"D:/Unreal Projects/GGJ2021/Content/Audio/Music/LabyrinthMusic_Cue.uasset" 427
"D:/Unreal Projects/GGJ2021/Content/AdvancedVillagePack/Meshes/SM_Torch_Var02.uasset" 428
"D:/Unreal Projects/GGJ2021/Content/ThirdPersonBP/Maps/Labyrinth.umap" 429
"D:/Unreal Projects/GGJ2021/Content/AdvancedVillagePack/Meshes/SM_Mushroom_Var01.uasset" 430
"D:/Unreal Projects/GGJ2021/Content/AdvancedVillagePack/Meshes/SM_Mushroom_Var02.uasset" 431
"D:/Unreal Projects/GGJ2021/Content/AdvancedVillagePack/Meshes/SM_Mushroom_Var03.uasset" 432
"D:/Unreal Projects/GGJ2021/Content/AdvancedVillagePack/Meshes/SM_Mushroom_Var04.uasset" 433
"D:/Unreal Projects/GGJ2021/Content/AdvancedVillagePack/Meshes/SM_Plant.uasset" 434
"D:/Unreal Projects/GGJ2021/Content/AdvancedVillagePack/Meshes/SM_Pot_Var01.uasset" 435
"D:/Unreal Projects/GGJ2021/Content/AdvancedVillagePack/Meshes/SM_Pot_Var02.uasset" 436
"D:/Unreal Projects/GGJ2021/Content/AdvancedVillagePack/Meshes/SM_Pot_Var03.uasset" 437
"D:/Unreal Projects/GGJ2021/Content/AdvancedVillagePack/Meshes/SM_Pot_Var04.uasset" 438
"D:/Unreal Projects/GGJ2021/Content/AdvancedVillagePack/Meshes/SM_Pot_Var05.uasset" 439
"D:/Unreal Projects/GGJ2021/Content/AdvancedVillagePack/Meshes/SM_Pot_Var06.uasset" 440
"D:/Unreal Projects/GGJ2021/Content/AdvancedVillagePack/Meshes/SM_StoneFlat_Var01.uasset" 441
"D:/Unreal Projects/GGJ2021/Content/AdvancedVillagePack/Meshes/SM_StoneFlat_Var02.uasset" 442
"D:/Unreal Projects/GGJ2021/Content/AdvancedVillagePack/Meshes/SM_StoneFlat_Var03.uasset" 443
"D:/Unreal Projects/GGJ2021/Content/AdvancedVillagePack/Meshes/SM_StoneFlat_Var04.uasset" 444
"D:/Unreal Projects/GGJ2021/Content/AdvancedVillagePack/Meshes/SM_StoneFlat_Var05.uasset" 445
"D:/Unreal Projects/GGJ2021/Content/AdvancedVillagePack/Meshes/SM_Stonepath_Var01.uasset" 446
"D:/Unreal Projects/GGJ2021/Content/AdvancedVillagePack/Meshes/SM_Stonepath_Var02.uasset" 447
"D:/Unreal Projects/GGJ2021/Content/AdvancedVillagePack/Textures/T_Pack_11_Leafs_DO.uasset" 448
"D:/Unreal Projects/GGJ2021/Content/AdvancedVillagePack/Materials/M_Pfx_Diffuse_TwoSidedFoliage.uasset" 449
"D:/Unreal Projects/GGJ2021/Content/AdvancedVillagePack/Materials/M_Inst_Pfx_Leafs.uasset" 450
"D:/Unreal Projects/GGJ2021/Content/AdvancedVillagePack/Effects/Pfx_FallingLeafs.uasset" 451
"D:/Unreal Projects/GGJ2021/Content/AdvancedVillagePack/Materials/M_Pfx_Additive.uasset" 452
"D:/Unreal Projects/GGJ2021/Content/AdvancedVillagePack/Textures/Effects/T_Pfx_Spark.uasset" 453
"D:/Unreal Projects/GGJ2021/Content/AdvancedVillagePack/Materials/M_Inst_Pfx_Sparks.uasset" 454
"D:/Unreal Projects/GGJ2021/Content/AdvancedVillagePack/Effects/Pfx_LightInsects.uasset" 455
"D:/Unreal Projects/GGJ2021/Content/AdvancedVillagePack/Meshes/SM_Crate_Closed.uasset" 456
"D:/Unreal Projects/GGJ2021/Content/AdvancedVillagePack/Meshes/SM_Crate_Open.uasset" 457
"D:/Unreal Projects/GGJ2021/Content/AdvancedVillagePack/Textures/T_Pack_06_O.uasset" 458
"D:/Unreal Projects/GGJ2021/Content/AdvancedVillagePack/Materials/M_Uber_Cutout.uasset" 459
"D:/Unreal Projects/GGJ2021/Content/AdvancedVillagePack/Materials/M_Inst_Pack_06_Cutout.uasset" 460
"D:/Unreal Projects/GGJ2021/Content/AdvancedVillagePack/Meshes/SM_Flower_Var03.uasset" 461
"D:/Unreal Projects/GGJ2021/Content/AdvancedVillagePack/Meshes/SM_Flower_Var04.uasset" 462
"D:/Unreal Projects/GGJ2021/Content/AdvancedVillagePack/Meshes/SM_Flower_Var06.uasset" 463
"D:/Unreal Projects/GGJ2021/Content/AdvancedVillagePack/Textures/T_Pack_TreeLeafs_N.uasset" 464
"D:/Unreal Projects/GGJ2021/Content/AdvancedVillagePack/Textures/T_Pack_TreeLeafs_Mask.uasset" 465
"D:/Unreal Projects/GGJ2021/Content/AdvancedVillagePack/Textures/T_Pack_TreeLeafs_O.uasset" 466
"D:/Unreal Projects/GGJ2021/Content/AdvancedVillagePack/Textures/T_Pack_TreeLeafs_RM.uasset" 467
"D:/Unreal Projects/GGJ2021/Content/AdvancedVillagePack/Textures/T_Pack_TreeLeafs_D.uasset" 468
"D:/Unreal Projects/GGJ2021/Content/AdvancedVillagePack/Materials/M_Uber_Cutout_Wind.uasset" 469
"D:/Unreal Projects/GGJ2021/Content/AdvancedVillagePack/Textures/Landscape/T_Foliage_Var01_D.uasset" 470
"D:/Unreal Projects/GGJ2021/Content/AdvancedVillagePack/Textures/Landscape/T_Foliage_Var01_O.uasset" 471
"D:/Unreal Projects/GGJ2021/Content/AdvancedVillagePack/Materials/M_Inst_Landscape_Foliage_Var01.uasset" 472
"D:/Unreal Projects/GGJ2021/Content/AdvancedVillagePack/Meshes/SM_GrassPatch_Var01.uasset" 473
"D:/Unreal Projects/GGJ2021/Content/AdvancedVillagePack/Textures/Landscape/T_Foliage_Var02_O.uasset" 474
"D:/Unreal Projects/GGJ2021/Content/AdvancedVillagePack/Textures/Landscape/T_Foliage_Var02_D.uasset" 475
"D:/Unreal Projects/GGJ2021/Content/AdvancedVillagePack/Materials/M_Simple_Cutout_Wind.uasset" 476
"D:/Unreal Projects/GGJ2021/Content/AdvancedVillagePack/Materials/M_Inst_Landscape_Foliage_Var02.uasset" 477
"D:/Unreal Projects/GGJ2021/Content/AdvancedVillagePack/Meshes/SM_GrassPatch_Var02.uasset" 478
"D:/Unreal Projects/GGJ2021/Content/AdvancedVillagePack/Textures/Landscape/T_Foliage_Var03_O.uasset" 479
"D:/Unreal Projects/GGJ2021/Content/AdvancedVillagePack/Textures/Landscape/T_Foliage_Var03_D.uasset" 480
"D:/Unreal Projects/GGJ2021/Content/AdvancedVillagePack/Materials/M_Inst_Landscape_Foliage_Var03.uasset" 481
"D:/Unreal Projects/GGJ2021/Content/AdvancedVillagePack/Meshes/SM_GrassPatch_Var03.uasset" 482
"D:/Unreal Projects/GGJ2021/Content/AdvancedVillagePack/Meshes/SM_Bucket.uasset" 483
"D:/Unreal Projects/GGJ2021/Content/AdvancedVillagePack/Meshes/SM_Bridge_Var03.uasset" 484
"D:/Unreal Projects/GGJ2021/Content/AdvancedVillagePack/Meshes/SM_Bridge_Var01.uasset" 485
"D:/Unreal Projects/GGJ2021/Content/AdvancedVillagePack/Meshes/SM_Barrel.uasset" 486
"D:/Unreal Projects/GGJ2021/Content/AdvancedVillagePack/Meshes/SM_Axe.uasset" 487
"../../Plugins/Experimental/Water/Content/Waves/GerstnerWaves_Lake.uasset" 488
"../../Plugins/Experimental/Water/Content/Meshes/LakeMesh.uasset" 489
"../../Plugins/Experimental/Water/Content/Textures/Foam/T_WaterFlow_01_Foam_Tiled.uasset" 490
"../../Plugins/Experimental/Water/Content/FluidSimulation/WaveFoam/FoamRT.uasset" 491
"../../Plugins/Experimental/Water/Content/Textures/Foam/T_WaterFlow_01_Foam_Tiled_N.uasset" 492
"../../Plugins/Experimental/Water/Content/FluidSimulation/WaveFoam/WaterDistanceField.uasset" 493
"../../Plugins/Experimental/Water/Content/Textures/Normals/T_Water_TilingNormal_With_Height_02_Softened.uasset" 494
"../../../Engine/Content/EngineResources/Black.uasset" 495
"../../Plugins/Experimental/Water/Content/Materials/Functions/HighQualityTextureFiltering.uasset" 496
"../../Plugins/Experimental/Water/Content/Materials/MPC/MPC_Water.uasset" 497
"../../../Engine/Content/Functions/Engine_MaterialFunctions02/PivotPainter2/Black_1x1_EXR_Texture.uasset" 498
"../../Plugins/Experimental/Water/Content/Materials/Functions/WaterBodyData.uasset" 499
"../../../Engine/Content/Functions/Engine_MaterialFunctions03/Procedurals/NormalFromHeightmap.uasset" 500
"../../../Engine/Content/Functions/Engine_MaterialFunctions01/Gradient/LinearGradient.uasset" 501
"../../../Engine/Content/Functions/Engine_MaterialFunctions01/ImageAdjustment/CheapContrast.uasset" 502
"../../../Engine/Content/Functions/Engine_MaterialFunctions02/Texturing/HeightLerp.uasset" 503
"../../../Engine/Content/Functions/Engine_MaterialFunctions02/Utility/VectorLength.uasset" 504
"../../../Engine/Content/Functions/Engine_MaterialFunctions01/Gradient/BoxMask-2D.uasset" 505
"../../../Engine/Content/EngineSky/VolumetricClouds/T_NoiseShape.uasset" 506
"../../../Engine/Content/EngineSky/VolumetricClouds/T_VolumeNoiseShape128.uasset" 507
"../../Plugins/Experimental/Water/Content/Materials/Layers/BeachFoam.uasset" 508
"../../Plugins/Experimental/Water/Content/Materials/Functions/WaveVelocityMask.uasset" 509
"../../../Engine/Content/Functions/Engine_MaterialFunctions02/Math/TimeWithSpeedVariable.uasset" 510
"../../../Engine/Content/Functions/Engine_MaterialFunctions02/ExampleContent/Textures/water_n.uasset" 511
"../../../Engine/Content/Functions/Engine_MaterialFunctions02/ExampleContent/Textures/water_d.uasset" 512
"../../../Engine/Content/Functions/Engine_MaterialFunctions02/ExampleContent/Textures/LowResBlurredNoise.uasset" 513
"../../../Engine/Content/Functions/Engine_MaterialFunctions02/Utility/BlendAngleCorrectedNormals.uasset" 514
"../../../Engine/Content/Functions/Engine_MaterialFunctions02/Math/Transform3x3Matrix.uasset" 515
"../../../Engine/Content/Functions/Engine_MaterialFunctions01/Texturing/ComputeMipLevel.uasset" 516
"../../../Engine/Content/Functions/Engine_MaterialFunctions02/Math/AddComponents.uasset" 517
"../../../Engine/Content/Functions/Engine_MaterialFunctions02/Math/MakeVectorsOrthogonal.uasset" 518
"../../../Engine/Content/EngineMaterials/DefaultNormal.uasset" 519
"../../../Engine/Content/Functions/Engine_MaterialFunctions02/Utility/LinearSine.uasset" 520
"../../../Engine/Content/Functions/Engine_MaterialFunctions02/Texturing/Flowmaps.uasset" 521
"../../../Engine/Content/Functions/Engine_MaterialFunctions01/Texturing/FlattenNormal.uasset" 522
"../../../Engine/Content/Functions/Engine_MaterialFunctions01/Coordinates/WorldPosition-XY.uasset" 523
"../../Plugins/Experimental/Water/Content/Materials/Functions/WaterRiverFlowmaps.uasset" 524
"../../Plugins/Experimental/Water/Content/Materials/Functions/WaterOpacityMaskFromDepth.uasset" 525
"../../Plugins/Experimental/Water/Content/Materials/Functions/WaterHeightMappingVS.uasset" 526
"../../Plugins/Experimental/Water/Content/Materials/Functions/WaterCoefficientMask.uasset" 527
"../../Plugins/Experimental/Water/Content/FluidSimulation/Materials/Functions/Fluidsim_WorldPosition_to_UV.uasset" 528
"../../../Engine/Content/Functions/Engine_MaterialFunctions01/Opacity/AlphaOffset.uasset" 529
"../../Plugins/Experimental/Water/Content/Materials/Functions/SampleFluidSimulation.uasset" 530
"../../Plugins/Experimental/Water/Content/Materials/Functions/ComputeWavesAttenuationFactor.uasset" 531
"../../Plugins/Experimental/Water/Content/Materials/Functions/WaveDepthFalloff_Overrides.uasset" 532
"../../Plugins/Experimental/Water/Content/Materials/Layers/WaterAttributes.uasset" 533
"../../Plugins/Experimental/Water/Content/Materials/Functions/WaterTextureWaves.uasset" 534
"../../Plugins/Experimental/Water/Content/Materials/Functions/WaterTextureSurface.uasset" 535
"../../Plugins/Experimental/Water/Content/Materials/Functions/Water_Underside.uasset" 536
"../../Plugins/Experimental/Water/Content/Materials/Functions/SetWaveAttributes.uasset" 537
"../../Plugins/Experimental/Water/Content/Materials/Functions/WorldPositionBehindWater.uasset" 538
"../../Plugins/Experimental/Water/Content/Materials/Functions/WorldNormalBehindWater.uasset" 539
"../../Plugins/Experimental/Water/Content/Materials/Functions/GetWaterTime.uasset" 540
"../../Plugins/Experimental/Water/Content/Materials/Functions/ComputeGerstnerWaves.uasset" 541
"../../Plugins/Experimental/Water/Content/Caustics/Materials/Functions/GetDistortionUV.uasset" 542
"../../Plugins/Experimental/Water/Content/Caustics/Materials/Functions/WaterCaustics_GerstnerWaves.uasset" 543
"../../Plugins/Experimental/Landmass/Content/Landscape/BlueprintBrushes/MPC/MPC_Landscape.uasset" 544
"../../Plugins/Experimental/Water/Content/Materials/WaterSurface/Water_Material.uasset" 545
"../../Plugins/Experimental/Water/Content/Materials/WaterSurface/Water_Material_Inst.uasset" 546
"../../Plugins/Experimental/Water/Content/Materials/WaterSurface/Water_Material_Lake.uasset" 547
"../../../Engine/Content/Functions/Engine_MaterialFunctions01/Texturing/ScaleUVsByCenter.uasset" 548
"../../../Engine/Content/Functions/Engine_MaterialFunctions01/Texturing/TextureCropping.uasset" 549
"../../../Engine/Content/Functions/Engine_MaterialFunctions02/ExampleContent/Textures/DebugNumberPeriod.uasset" 550
"../../../Engine/Content/Functions/Engine_MaterialFunctions02/ExampleContent/DebugNumberStrip.uasset" 551
"../../../Engine/Content/Functions/Engine_MaterialFunctions02/Utility/DebugScalarValues.uasset" 552
"../../../Engine/Content/Functions/Engine_MaterialFunctions01/Volumetrics/SchlickPhase.uasset" 553
"../../../Engine/Content/Functions/Engine_MaterialFunctions02/ScreenResolution.uasset" 554
"../../../Engine/Content/Functions/Engine_MaterialFunctions02/Texturing/ScreenAlignedUVs.uasset" 555
"../../Plugins/Experimental/Water/Content/Materials/PostProcessing/M_UnderWater_PostProcess_Volume.uasset" 556
"../../Plugins/Experimental/Landmass/Content/Landscape/Mats/MF/SmoothTerracing.uasset" 557
"../../Plugins/Experimental/Landmass/Content/Landscape/Mats/MF/SmoothIntersections.uasset" 558
"../../../Engine/Content/Functions/Engine_MaterialFunctions02/WorldPositionOffset/GenerateASpline.uasset" 559
"../../../Engine/Content/MapTemplates/TilingNoise05.uasset" 560
"../../Plugins/Experimental/Landmass/Content/Landscape/Mats/MF/CatmullRomTexture.uasset" 561
"../../../Engine/Content/Functions/Engine_MaterialFunctions01/Math/SmoothCeil.uasset" 562
"../../Plugins/Experimental/Landmass/Content/Landscape/Mats/MF/BrushTerracing.uasset" 563
"../../../Engine/Content/Functions/Engine_MaterialFunctions01/ImageAdjustment/SCurve.uasset" 564
"../../Plugins/Experimental/Landmass/Content/Landscape/Mats/MF/BrushDisplaceMask.uasset" 565
"../../Plugins/Experimental/Landmass/Content/Landscape/Mats/MF/BrushBlendModes.uasset" 566
"../../../Engine/Content/EngineResources/Black_Low.uasset" 567
"../../Plugins/Experimental/Landmass/Content/Landscape/Mats/MF/BrushAlphaMask.uasset" 568
"../../Plugins/Experimental/Landmass/Content/Landscape/Mats/MF/UnpackRG8Height.uasset" 569
"../../Plugins/Experimental/Landmass/Content/Landscape/BlueprintBrushes/MF/PointSampleLandscapeUVs.uasset" 570
"../../Plugins/Experimental/Landmass/Content/Landscape/BlueprintBrushes/MF/ReadCachedDistanceField.uasset" 571
"../../Plugins/Experimental/Landmass/Content/Landscape/BlueprintBrushes/MF/PackRG8Height.uasset" 572
"../../Plugins/Experimental/Water/Content/Materials/Brushes/MeshBrush_Width.uasset" 573
"../../Plugins/Experimental/Water/Content/Materials/Brushes/MeshBrush_Weightmap.uasset" 574
"../../Plugins/Experimental/Landmass/Content/Landscape/BlueprintBrushes/MF/BrushBlendModes.uasset" 575
"../../Plugins/Experimental/Landmass/Content/Landscape/Curves/DynamicCurve_RT.uasset" 576
"../../Plugins/Experimental/Water/Content/Materials/Brushes/MeshBrush_Island.uasset" 577
"../../Plugins/Experimental/Landmass/Content/Landscape/BlueprintBrushes/MF/SmoothIntersections.uasset" 578
"../../Plugins/Experimental/Landmass/Content/Landscape/BlueprintBrushes/MF/BrushTerracing.uasset" 579
"../../Plugins/Experimental/Landmass/Content/Landscape/BlueprintBrushes/MF/BrushDisplaceMask.uasset" 580
"../../Plugins/Experimental/Landmass/Content/Landscape/BlueprintBrushes/MF/BrushAlphaMask.uasset" 581
"../../Plugins/Experimental/Water/Content/Materials/Brushes/MeshBrush_Angle.uasset" 582
"../../Plugins/Experimental/Landmass/Content/Landscape/BlueprintBrushes/MF/UnpackRG8Height.uasset" 583
"../../Plugins/Experimental/Water/Content/Materials/Brushes/FinalizeWaterTexture.uasset" 584
"../../Plugins/Experimental/Landmass/Content/Landscape/BlueprintBrushes/MF/LocalizeLandscapeZValue.uasset" 585
"../../Plugins/Experimental/Water/Content/Materials/Brushes/CompositeWaterBodyTexture.uasset" 586
"../../Plugins/Experimental/Water/Content/Materials/Brushes/CanvasDrawing.uasset" 587
"../../Plugins/Experimental/Landmass/Content/Landscape/Mats/MPC/MPC_Erosion.uasset" 588
"../../Plugins/Experimental/Landmass/Content/Landscape/BlueprintBrushes/MF/SampleDistanceField.uasset" 589
"../../Plugins/Experimental/Landmass/Content/Landscape/BlueprintBrushes/Materials/CacheDistanceField.uasset" 590
"../../Plugins/Experimental/Landmass/Content/DistanceFields/Materials/JumpFloodStep.uasset" 591
"../../Plugins/Experimental/Landmass/Content/Landscape/Textures/LS_Debug_RT_01.uasset" 592
"../../Plugins/Experimental/Landmass/Content/DistanceFields/Materials/DetectEdges.uasset" 593
"../../Plugins/Experimental/Landmass/Content/DistanceFields/Materials/BlurEdges.uasset" 594
"D:/Unreal Projects/GGJ2021/Content/ThirdPersonBP/Maps/Lobby_BuiltData.uasset" 595
"../../Plugins/Experimental/Water/Content/Curves/FloatCurve.uasset" 596
"../../../Engine/Content/Functions/Engine_MaterialFunctions02/TangentBasis.uasset" 597
"../../Plugins/Experimental/Landmass/Content/Landscape/BlueprintBrushes/Materials/RenderSplineDepths.uasset" 598
"D:/Unreal Projects/GGJ2021/Content/Physics/WaterPhyMat.uasset" 599
"D:/Unreal Projects/GGJ2021/Content/MultistoryDungeons/Meshes/Props/Book_05.uasset" 600
"D:/Unreal Projects/GGJ2021/Content/MultistoryDungeons/Meshes/Props/Book_03.uasset" 601
"D:/Unreal Projects/GGJ2021/Content/MultistoryDungeons/Meshes/Props/Books_Preset_06.uasset" 602
"D:/Unreal Projects/GGJ2021/Content/MultistoryDungeons/Meshes/Props/Books_Preset_05.uasset" 603
"D:/Unreal Projects/GGJ2021/Content/MultistoryDungeons/Meshes/Props/Books_Preset_03.uasset" 604
"D:/Unreal Projects/GGJ2021/Content/MultistoryDungeons/Meshes/Props/Books_Preset_02.uasset" 605
"D:/Unreal Projects/GGJ2021/Content/MultistoryDungeons/Meshes/Props/Bottle_03.uasset" 606
"D:/Unreal Projects/GGJ2021/Content/MultistoryDungeons/Meshes/Props/Bottle_02.uasset" 607
"D:/Unreal Projects/GGJ2021/Content/MultistoryDungeons/Meshes/Props/Bottle_01.uasset" 608
"D:/Unreal Projects/GGJ2021/Content/MultistoryDungeons/Meshes/Props/Candles_04.uasset" 609
"D:/Unreal Projects/GGJ2021/Content/Huds/Lobby/PrincipalDoor.uasset" 610
"D:/Unreal Projects/GGJ2021/Content/Huds/Lobby/Challenge2Text.uasset" 611
"D:/Unreal Projects/GGJ2021/Content/Developers/diego/Collections/Assets/PuertaFeje/M_Puerta_Roughness.uasset" 612
"D:/Unreal Projects/GGJ2021/Content/Developers/diego/Collections/Assets/PuertaFeje/M_Puerta_Normal_DirectX.uasset" 613
"D:/Unreal Projects/GGJ2021/Content/Developers/diego/Collections/Assets/PuertaFeje/M_Puerta_Mixed_AO.uasset" 614
"D:/Unreal Projects/GGJ2021/Content/Developers/diego/Collections/Assets/PuertaFeje/M_Puerta_Metallic.uasset" 615
"D:/Unreal Projects/GGJ2021/Content/Developers/diego/Collections/Assets/PuertaFeje/M_Puerta_Base_Color.uasset" 616
"D:/Unreal Projects/GGJ2021/Content/Developers/diego/Collections/Assets/PuertaFeje/M_Puerta.uasset" 617
"D:/Unreal Projects/GGJ2021/Content/Developers/diego/Collections/Assets/PuertaFeje/PuertaJefe_pPipe1.uasset" 618
"D:/Unreal Projects/GGJ2021/Content/Developers/diego/Collections/Assets/PuertaFeje/PuertaJefe_pCylinder2.uasset" 619
"D:/Unreal Projects/GGJ2021/Content/Developers/diego/Collections/Assets/PuertaFeje/PuertaJefe_pCube2.uasset" 620
"D:/Unreal Projects/GGJ2021/Content/MultistoryDungeons/Meshes/Props/Candles_02.uasset" 621
"D:/Unreal Projects/GGJ2021/Content/MultistoryDungeons/Textures/T_FX_Halo_MD_01.uasset" 622
"D:/Unreal Projects/GGJ2021/Content/MultistoryDungeons/Textures/T_FX_Fire_01_MD.uasset" 623
"D:/Unreal Projects/GGJ2021/Content/MultistoryDungeons/Materials/Fire.uasset" 624
"D:/Unreal Projects/GGJ2021/Content/MultistoryDungeons/Materials/Fire_Glow_Inst.uasset" 625
"D:/Unreal Projects/GGJ2021/Content/MultistoryDungeons/Textures/T_FX_Candle_Fire_MD_01.uasset" 626
"D:/Unreal Projects/GGJ2021/Content/MultistoryDungeons/Materials/Candle_Inst.uasset" 627
"D:/Unreal Projects/GGJ2021/Content/MultistoryDungeons/Effects/Candle_Fire.uasset" 628
"D:/Unreal Projects/GGJ2021/Content/Developers/diego/Collections/Vela.uasset" 629
"D:/Unreal Projects/GGJ2021/Content/Audio/Sounds/objects/put_item/coloca_objeto.uasset" 630
"D:/Unreal Projects/GGJ2021/Content/Audio/Sounds/objects/put_item/put_toro.uasset" 631
"D:/Unreal Projects/GGJ2021/Content/Audio/Sounds/objects/put_item/coloca_objeto-001.uasset" 632
"D:/Unreal Projects/GGJ2021/Content/Audio/Sounds/objects/put_item/put_tigre.uasset" 633
"D:/Unreal Projects/GGJ2021/Content/Developers/diego/Collections/Assets/Tigre/Tigre_Tigre1.uasset" 634
"D:/Unreal Projects/GGJ2021/Content/Developers/Suare/Object_2.uasset" 635
"D:/Unreal Projects/GGJ2021/Content/Developers/diego/MAPA_sharedassets/Dirt_LayerInfo.uasset" 636
"D:/Unreal Projects/GGJ2021/Content/Developers/diego/Collections/Assets/Toro/Toro_Signo_Exclamacion.uasset" 637
"D:/Unreal Projects/GGJ2021/Content/Developers/diego/Collections/Assets/Toro/Toro_Nenufar.uasset" 638
"D:/Unreal Projects/GGJ2021/Content/Developers/diego/Collections/Assets/Toro/Toro_AltarToro.uasset" 639
"D:/Unreal Projects/GGJ2021/Content/Developers/diego/Collections/Assets/Tigre/Tigre_Altar.uasset" 640
"D:/Unreal Projects/GGJ2021/Content/Developers/diego/Collections/Assets/Props/lambert1.uasset" 641
"D:/Unreal Projects/GGJ2021/Content/Developers/diego/Collections/Assets/Props/Props_Stairs.uasset" 642
"D:/Unreal Projects/GGJ2021/Content/Developers/diego/Collections/Assets/Props/Props_pPipe6.uasset" 643
"D:/Unreal Projects/GGJ2021/Content/Developers/diego/Collections/Assets/Props/lambert2.uasset" 644
"D:/Unreal Projects/GGJ2021/Content/Developers/diego/Collections/Assets/Props/Props_pPipe3.uasset" 645
"D:/Unreal Projects/GGJ2021/Content/Developers/diego/Collections/Assets/Props/Props_pPipe2.uasset" 646
"D:/Unreal Projects/GGJ2021/Content/Huds/Lobby/ChallengeDoor2.uasset" 647
"D:/Unreal Projects/GGJ2021/Content/Huds/Lobby/ChallengeDoor.uasset" 648
"D:/Unreal Projects/GGJ2021/Content/Huds/Lobby/Challenge1Text.uasset" 649
"D:/Unreal Projects/GGJ2021/Content/Huds/Lobby/Altar2.uasset" 650
"D:/Unreal Projects/GGJ2021/Content/Huds/Lobby/Altar1.uasset" 651
"D:/Unreal Projects/GGJ2021/Content/Huds/HUD_WG.uasset" 652
"D:/Unreal Projects/GGJ2021/Content/Huds/img/TECLAS.uasset" 653
"D:/Unreal Projects/GGJ2021/Content/Huds/Controls.uasset" 654
"D:/Unreal Projects/GGJ2021/Content/Developers/diego/Collections/Assets/Landscape/M_LNDS_Agua.uasset" 655
"D:/Unreal Projects/GGJ2021/Content/Developers/diego/Collections/Assets/Landscape/moss_LayerInfo.uasset" 656
"D:/Unreal Projects/GGJ2021/Content/Developers/diego/Collections/ActoresMerge/HUB.uasset" 657
"D:/Unreal Projects/GGJ2021/Content/AdvancedVillagePack/Textures/T_Pack_08_D.uasset" 658
"D:/Unreal Projects/GGJ2021/Content/AdvancedVillagePack/Textures/T_Pack_08_N.uasset" 659
"D:/Unreal Projects/GGJ2021/Content/AdvancedVillagePack/Textures/T_Pack_08_RM.uasset" 660
"D:/Unreal Projects/GGJ2021/Content/AdvancedVillagePack/Materials/M_Inst_Pack_08.uasset" 661
"D:/Unreal Projects/GGJ2021/Content/Developers/diego/Collections/ActoresMerge/Grass_6.uasset" 662
"D:/Unreal Projects/GGJ2021/Content/Developers/diego/Collections/ActoresMerge/Grass_5.uasset" 663
"D:/Unreal Projects/GGJ2021/Content/Developers/diego/Collections/ActoresMerge/Grass_4.uasset" 664
"D:/Unreal Projects/GGJ2021/Content/Developers/diego/Collections/ActoresMerge/Grass_3.uasset" 665
"D:/Unreal Projects/GGJ2021/Content/Developers/diego/Collections/ActoresMerge/Grass_2.uasset" 666
"D:/Unreal Projects/GGJ2021/Content/Developers/diego/Collections/ActoresMerge/Grass_1.uasset" 667
"D:/Unreal Projects/GGJ2021/Content/Developers/diego/Collections/ActoresMerge/Escaleras.uasset" 668
"D:/Unreal Projects/GGJ2021/Content/Developers/diego/Collections/ActoresMerge/Barriles_1.uasset" 669
"D:/Unreal Projects/GGJ2021/Content/Audio/Sounds/objects/door/puerta-002.uasset" 670
"D:/Unreal Projects/GGJ2021/Content/Audio/Sounds/objects/door/puerta-001.uasset" 671
"D:/Unreal Projects/GGJ2021/Content/Audio/Sounds/objects/door/puerta.uasset" 672
"D:/Unreal Projects/GGJ2021/Content/Audio/Sounds/objects/door/Door.uasset" 673
"D:/Unreal Projects/GGJ2021/Content/Audio/Music/LobbyMusic.uasset" 674
"D:/Unreal Projects/GGJ2021/Content/Audio/Music/LobbyMusic_Cue.uasset" 675
"D:/Unreal Projects/GGJ2021/Content/AdvancedVillagePack/Meshes/SM_Watermellon.uasset" 676
"D:/Unreal Projects/GGJ2021/Content/AdvancedVillagePack/Meshes/SM_Torch_Var01.uasset" 677
"D:/Unreal Projects/GGJ2021/Content/AdvancedVillagePack/Meshes/SM_Tomato.uasset" 678
"D:/Unreal Projects/GGJ2021/Content/AdvancedVillagePack/Meshes/SM_Stone_Small_Var05.uasset" 679
"D:/Unreal Projects/GGJ2021/Content/AdvancedVillagePack/Meshes/SM_Stone_Medium_Var04.uasset" 680
"D:/Unreal Projects/GGJ2021/Content/AdvancedVillagePack/Meshes/SM_Stonepath_Var03.uasset" 681
"D:/Unreal Projects/GGJ2021/Content/ThirdPersonBP/Maps/Lobby.umap" 682
"D:/Unreal Projects/GGJ2021/Content/AdvancedVillagePack/Effects/Pfx_LightInsectsCampFire.uasset" 683
"D:/Unreal Projects/GGJ2021/Content/AdvancedVillagePack/Materials/M_Pfx_TranslucentLit.uasset" 684
"D:/Unreal Projects/GGJ2021/Content/AdvancedVillagePack/Textures/Effects/T_Pfx_Smoke.uasset" 685
"D:/Unreal Projects/GGJ2021/Content/AdvancedVillagePack/Materials/M_Pfx_DustParticles.uasset" 686
"D:/Unreal Projects/GGJ2021/Content/AdvancedVillagePack/Effects/Pfx_Mist.uasset" 687
"../../../Engine/Content/EngineMaterials/DefaultPhysicalMaterial.uasset" 688
"D:/Unreal Projects/GGJ2021/Content/ThirdPersonBP/Maps/MainMenu_BuiltData.uasset" 689
"D:/Unreal Projects/GGJ2021/Content/Mannequin/Character/Mesh/UE4_Mannequin_Skeleton.uasset" 690
"D:/Unreal Projects/GGJ2021/Content/Mannequin/Animations/ThirdPersonWalk.uasset" 691
"D:/Unreal Projects/GGJ2021/Content/Mannequin/Animations/ThirdPersonRun.uasset" 692
"D:/Unreal Projects/GGJ2021/Content/Mannequin/Animations/ThirdPersonIdle.uasset" 693
"D:/Unreal Projects/GGJ2021/Content/Mannequin/Animations/ThirdPerson_IdleRun_2D.uasset" 694
"D:/Unreal Projects/GGJ2021/Content/Mannequin/Animations/ThirdPerson_Jump.uasset" 695
"D:/Unreal Projects/GGJ2021/Content/Mannequin/Animations/ThirdPersonJump_Start.uasset" 696
"D:/Unreal Projects/GGJ2021/Content/Mannequin/Animations/ThirdPersonJump_Loop.uasset" 697
"D:/Unreal Projects/GGJ2021/Content/Mannequin/Animations/ThirdPerson_AnimBP.uasset" 698
"D:/Unreal Projects/GGJ2021/Content/ThirdPersonBP/Blueprints/ThirdPersonCharacter.uasset" 699
"D:/Unreal Projects/GGJ2021/Content/ThirdPersonBP/Blueprints/MainMenu_Gamemode.uasset" 700
"D:/Unreal Projects/GGJ2021/Content/MultistoryDungeons/Meshes/Props/Candle_01.uasset" 701
"D:/Unreal Projects/GGJ2021/Content/Developers/diego/MENU_sharedassets/moss_LayerInfo.uasset" 702
"D:/Unreal Projects/GGJ2021/Content/Developers/diego/MENU_sharedassets/blacj.uasset" 703
"D:/Unreal Projects/GGJ2021/Content/Developers/diego/Collections/Assets/Props/Props_pTorus1.uasset" 704
"D:/Unreal Projects/GGJ2021/Content/Developers/diego/Collections/Assets/Props/Props_pCylinder2.uasset" 705
"D:/Unreal Projects/GGJ2021/Content/Developers/diego/Collections/Assets/Props/Props_pCube4.uasset" 706
"D:/Unreal Projects/GGJ2021/Content/Developers/diego/Collections/Vela_2.uasset" 707
"D:/Unreal Projects/GGJ2021/Content/Developers/diego/Collections/Vela_01.uasset" 708
"D:/Unreal Projects/GGJ2021/Content/ThirdPersonBP/Maps/MainMenu.umap" 709
"D:/Unreal Projects/GGJ2021/Content/AdvancedVillagePack/Meshes/SM_Flower_Var01.uasset" 710
"D:/Unreal Projects/GGJ2021/Content/ThirdPersonBP/Maps/Placas_BuiltData.uasset" 711
"D:/Unreal Projects/GGJ2021/Content/MultistoryDungeons/Meshes/Props/Table_Preset_07.uasset" 712
"D:/Unreal Projects/GGJ2021/Content/MultistoryDungeons/Meshes/Props/Table_Preset_06.uasset" 713
"D:/Unreal Projects/GGJ2021/Content/MultistoryDungeons/Meshes/Props/Table_Preset_05.uasset" 714
"D:/Unreal Projects/GGJ2021/Content/MultistoryDungeons/Meshes/Props/Table_Preset_04.uasset" 715
"D:/Unreal Projects/GGJ2021/Content/MultistoryDungeons/Meshes/Props/Paper_01.uasset" 716
"D:/Unreal Projects/GGJ2021/Content/MultistoryDungeons/Meshes/Props/Inkpot_01.uasset" 717
"D:/Unreal Projects/GGJ2021/Content/MultistoryDungeons/Meshes/Props/Book_02.uasset" 718
"D:/Unreal Projects/GGJ2021/Content/MultistoryDungeons/Meshes/Props/Scale_01.uasset" 719
"D:/Unreal Projects/GGJ2021/Content/MultistoryDungeons/Meshes/Props/Potion_Red_01.uasset" 720
"D:/Unreal Projects/GGJ2021/Content/MultistoryDungeons/Meshes/Props/Potion_04.uasset" 721
"D:/Unreal Projects/GGJ2021/Content/MultistoryDungeons/Meshes/Props/Potion_02.uasset" 722
"D:/Unreal Projects/GGJ2021/Content/MultistoryDungeons/Meshes/Props/Glass_Jar_02.uasset" 723
"D:/Unreal Projects/GGJ2021/Content/MultistoryDungeons/Meshes/Props/Glass_Jar_01.uasset" 724
"D:/Unreal Projects/GGJ2021/Content/MultistoryDungeons/Meshes/Props/Gas_Burner_01.uasset" 725
"D:/Unreal Projects/GGJ2021/Content/MultistoryDungeons/Meshes/Props/Flask_05.uasset" 726
"D:/Unreal Projects/GGJ2021/Content/MultistoryDungeons/Meshes/Props/Table_Preset_03.uasset" 727
"D:/Unreal Projects/GGJ2021/Content/MultistoryDungeons/Meshes/Props/Table_Preset_02.uasset" 728
"D:/Unreal Projects/GGJ2021/Content/MultistoryDungeons/Meshes/Props/Table_Preset_01.uasset" 729
"D:/Unreal Projects/GGJ2021/Content/MultistoryDungeons/Meshes/Props/Shelf_Preset_01.uasset" 730
"D:/Unreal Projects/GGJ2021/Content/MultistoryDungeons/Meshes/Props/Drawer_Preset_01.uasset" 731
"D:/Unreal Projects/GGJ2021/Content/MultistoryDungeons/Meshes/Props/Cupboard_Preset_08.uasset" 732
"D:/Unreal Projects/GGJ2021/Content/MultistoryDungeons/Meshes/Props/Cupboard_Preset_07.uasset" 733
"D:/Unreal Projects/GGJ2021/Content/MultistoryDungeons/Meshes/Props/Cupboard_Preset_06.uasset" 734
"D:/Unreal Projects/GGJ2021/Content/MultistoryDungeons/Meshes/Props/Cupboard_Preset_05.uasset" 735
"D:/Unreal Projects/GGJ2021/Content/MultistoryDungeons/Meshes/Props/Cupboard_Preset_04.uasset" 736
"D:/Unreal Projects/GGJ2021/Content/MultistoryDungeons/Meshes/Props/Cupboard_Preset_03.uasset" 737
"D:/Unreal Projects/GGJ2021/Content/MultistoryDungeons/Meshes/Props/Cupboard_Preset_02.uasset" 738
"D:/Unreal Projects/GGJ2021/Content/MultistoryDungeons/Meshes/Props/Cupboard_Preset_01.uasset" 739
"D:/Unreal Projects/GGJ2021/Content/MultistoryDungeons/Meshes/Props/Cupboard_Big_Preset_02.uasset" 740
"D:/Unreal Projects/GGJ2021/Content/MultistoryDungeons/Meshes/Props/Cupboard_Big_Preset_01.uasset" 741
"D:/Unreal Projects/GGJ2021/Content/MultistoryDungeons/Meshes/Props/Table_Wooden_01.uasset" 742
"D:/Unreal Projects/GGJ2021/Content/MultistoryDungeons/Meshes/Props/Table_01.uasset" 743
"D:/Unreal Projects/GGJ2021/Content/MultistoryDungeons/Meshes/Props/Cupboard_05.uasset" 744
"D:/Unreal Projects/GGJ2021/Content/MultistoryDungeons/Meshes/Props/Cupboard_03.uasset" 745
"D:/Unreal Projects/GGJ2021/Content/MultistoryDungeons/Meshes/Props/Cupboard_02.uasset" 746
"D:/Unreal Projects/GGJ2021/Content/MultistoryDungeons/Meshes/Props/Cupboard_01.uasset" 747
"D:/Unreal Projects/GGJ2021/Content/MultistoryDungeons/Meshes/Props/Chair_01.uasset" 748
"D:/Unreal Projects/GGJ2021/Content/MultistoryDungeons/Meshes/Props/Bench_Wooden_01.uasset" 749
"D:/Unreal Projects/GGJ2021/Content/MultistoryDungeons/Meshes/Props/Scroll_01.uasset" 750
"D:/Unreal Projects/GGJ2021/Content/MultistoryDungeons/Meshes/Props/Ladder_01.uasset" 751
"D:/Unreal Projects/GGJ2021/Content/MultistoryDungeons/Meshes/Props/Jugs_Preset_03.uasset" 752
"D:/Unreal Projects/GGJ2021/Content/MultistoryDungeons/Meshes/Props/Candlestick_Floor_01.uasset" 753
"D:/Unreal Projects/GGJ2021/Content/MultistoryDungeons/Meshes/Props/Candlestick_01.uasset" 754
"D:/Unreal Projects/GGJ2021/Content/MultistoryDungeons/Meshes/Props/Barrel_02.uasset" 755
"D:/Unreal Projects/GGJ2021/Content/MultistoryDungeons/Meshes/Props/Barrels_Preset_03.uasset" 756
"D:/Unreal Projects/GGJ2021/Content/Huds/Placas/PickLib.uasset" 757
"D:/Unreal Projects/GGJ2021/Content/Huds/Challenge2/Objetc2.uasset" 758
"D:/Unreal Projects/GGJ2021/Content/Developers/diego/Collections/Vela_02_nolight.uasset" 759
"D:/Unreal Projects/GGJ2021/Content/Developers/diego/Collections/Vela_01_nolight.uasset" 760
"D:/Unreal Projects/GGJ2021/Content/Developers/diego/Collections/Antorcha.uasset" 761
"D:/Unreal Projects/GGJ2021/Content/Audio/Sounds/objects/wall-down.uasset" 762
"D:/Unreal Projects/GGJ2021/Content/Audio/Sounds/objects/wallDown.uasset" 763
"D:/Unreal Projects/GGJ2021/Content/Developers/diego/Placas_sharedassets/PisoBaldosa_LayerInfo.uasset" 764
"D:/Unreal Projects/GGJ2021/Content/Developers/diego/Collections/Assets/Props/Props_pPipe1.uasset" 765
"D:/Unreal Projects/GGJ2021/Content/Developers/diego/Collections/Assets/Placas/lambert1_Roughness.uasset" 766
"D:/Unreal Projects/GGJ2021/Content/Developers/diego/Collections/Assets/Placas/lambert1_Normal_DirectX.uasset" 767
"D:/Unreal Projects/GGJ2021/Content/Developers/diego/Collections/Assets/Placas/lambert1_Base_Color.uasset" 768
"D:/Unreal Projects/GGJ2021/Content/Developers/diego/Collections/Assets/Placas/lambert1.uasset" 769
"D:/Unreal Projects/GGJ2021/Content/Developers/diego/Collections/Assets/Placas/Baldosas_Baldosa_22.uasset" 770
"D:/Unreal Projects/GGJ2021/Content/Developers/diego/Collections/Assets/Placas/Baldosas_Baldosa_21.uasset" 771
"D:/Unreal Projects/GGJ2021/Content/Developers/diego/Collections/Assets/Placas/Baldosas_Baldosa_20.uasset" 772
"D:/Unreal Projects/GGJ2021/Content/Developers/diego/Collections/Assets/Placas/Baldosas_Baldosa_16.uasset" 773
"D:/Unreal Projects/GGJ2021/Content/Developers/diego/Collections/Assets/Placas/Baldosas_Baldosa_15.uasset" 774
"D:/Unreal Projects/GGJ2021/Content/Developers/diego/Collections/Assets/Placas/Baldosas_Baldosa_14.uasset" 775
"D:/Unreal Projects/GGJ2021/Content/Developers/diego/Collections/Assets/Placas/Baldosas_Baldosa_13.uasset" 776
"D:/Unreal Projects/GGJ2021/Content/Developers/diego/Collections/Assets/Placas/Baldosas_Baldosa_12.uasset" 777
"D:/Unreal Projects/GGJ2021/Content/Developers/diego/Collections/Assets/Placas/Baldosas_Baldosa_11.uasset" 778
"D:/Unreal Projects/GGJ2021/Content/Developers/diego/Collections/Assets/Placas/Baldosas_Baldosa_09.uasset" 779
"D:/Unreal Projects/GGJ2021/Content/Developers/diego/Collections/Assets/Placas/Baldosas_Baldosa_08.uasset" 780
"D:/Unreal Projects/GGJ2021/Content/Developers/diego/Collections/Assets/Placas/Baldosas_Baldosa_06.uasset" 781
"D:/Unreal Projects/GGJ2021/Content/Developers/diego/Collections/Assets/Placas/Baldosas_Baldosa_04.uasset" 782
"D:/Unreal Projects/GGJ2021/Content/Developers/diego/Collections/Assets/Placas/Baldosas_Baldosa_03.uasset" 783
"D:/Unreal Projects/GGJ2021/Content/Developers/diego/Collections/Assets/Placas/Baldosas_Baldosa_02.uasset" 784
"D:/Unreal Projects/GGJ2021/Content/Developers/diego/Collections/Assets/Columnas/Columnas_Column_Cube1.uasset" 785
"D:/Unreal Projects/GGJ2021/Content/Developers/diego/Collections/ActoresMerge/Florero_01.uasset" 786
"D:/Unreal Projects/GGJ2021/Content/Developers/diego/Collections/Assets/Placas/Baldosas_Baldosa_07.uasset" 787
"D:/Unreal Projects/GGJ2021/Content/Developers/diego/Collections/ActoresMerge/BaseEscalera.uasset" 788
"D:/Unreal Projects/GGJ2021/Content/Developers/diego/Collections/Assets/Props/Props_Wall.uasset" 789
"D:/Unreal Projects/GGJ2021/Content/Developers/diego/Collections/PuertaSecreta.uasset" 790
"D:/Unreal Projects/GGJ2021/Content/Audio/Sounds/objects/placa_o_puerta.uasset" 791
"D:/Unreal Projects/GGJ2021/Content/Audio/Sounds/objects/plate.uasset" 792
"D:/Unreal Projects/GGJ2021/Content/Audio/Music/PlateMusic.uasset" 793
"D:/Unreal Projects/GGJ2021/Content/Audio/Music/PlateMusic_Cue.uasset" 794
"D:/Unreal Projects/GGJ2021/Content/ThirdPersonBP/Maps/Placas.umap" 795
"../../../Engine/Content/Maps/Entry_BuiltData.uasset" 796
"../../../Engine/Content/Maps/Entry.umap" 797
